<?xml version="1.0" encoding="UTF-8"?>
<!-- Generated by org.testng.reporters.JUnitReportReporter -->
<testsuite skipped="0" hostname="DESKTOP-D76T6KT" name="TestNGFeatures.ParallelTesting" tests="2" failures="0" timestamp="2023-02-24T20:45:22 IST" time="17.586" errors="0">
  <testcase name="yogi" time="8.248" classname="TestNGFeatures.ParallelTesting"/>
  <system-out/>
  <testcase name="yogi1" time="9.338" classname="TestNGFeatures.ParallelTesting"/>
  <system-out/>
</testsuite> <!-- TestNGFeatures.ParallelTesting -->
