<?xml version="1.0" encoding="UTF-8"?>
<!-- Generated by org.testng.reporters.JUnitReportReporter -->
<testsuite skipped="0" hostname="DESKTOP-D76T6KT" name="TestNGFeatures.DependsOnGroupsAnnotation" tests="4" failures="0" timestamp="2023-02-15T18:55:54 IST" time="0.077" errors="0">
  <testcase name="method1" time="0.013" classname="TestNGFeatures.DependsOnGroupsAnnotation"/>
  <system-out/>
  <testcase name="method2" time="0.035" classname="TestNGFeatures.DependsOnGroupsAnnotation"/>
  <system-out/>
  <testcase name="method4" time="0.004" classname="TestNGFeatures.DependsOnGroupsAnnotation"/>
  <system-out/>
  <testcase name="method3" time="0.025" classname="TestNGFeatures.DependsOnGroupsAnnotation"/>
  <system-out/>
</testsuite> <!-- TestNGFeatures.DependsOnGroupsAnnotation -->
