<?xml version="1.0" encoding="UTF-8"?>
<!-- Generated by org.testng.reporters.JUnitReportReporter -->
<testsuite skipped="0" hostname="DESKTOP-D76T6KT" name="TestNGFeatures.DependsOnMethodAnnotation" tests="3" failures="0" timestamp="2023-01-20T14:28:49 IST" time="0.026" errors="0">
  <testcase name="method3" time="0.004" classname="TestNGFeatures.DependsOnMethodAnnotation"/>
  <system-out/>
  <testcase name="method2" time="0.019" classname="TestNGFeatures.DependsOnMethodAnnotation"/>
  <system-out/>
  <testcase name="method1" time="0.003" classname="TestNGFeatures.DependsOnMethodAnnotation"/>
  <system-out/>
</testsuite> <!-- TestNGFeatures.DependsOnMethodAnnotation -->
