<?xml version="1.0" encoding="UTF-8"?>
<!-- Generated by org.testng.reporters.JUnitReportReporter -->
<testsuite skipped="0" hostname="DESKTOP-D76T6KT" name="TestNGFeatures.DataProviderAnnotation" tests="3" failures="0" timestamp="2023-01-20T20:23:14 IST" time="26.120" errors="0">
  <testcase name="yogi1" time="4.294" classname="TestNGFeatures.DataProviderAnnotation"/>
  <system-out/>
  <testcase name="yogi1" time="15.581" classname="TestNGFeatures.DataProviderAnnotation"/>
  <system-out/>
  <testcase name="yogi1" time="6.245" classname="TestNGFeatures.DataProviderAnnotation"/>
  <system-out/>
</testsuite> <!-- TestNGFeatures.DataProviderAnnotation -->
