<?xml version="1.0" encoding="UTF-8"?>
<!-- Generated by org.testng.reporters.JUnitReportReporter -->
<testsuite skipped="0" hostname="DESKTOP-D76T6KT" name="TestNGFeatures.InvocationCountAnnotation" tests="4" failures="0" timestamp="2023-02-01T17:17:28 IST" time="0.044" errors="0">
  <testcase name="pavnu" time="0.020" classname="TestNGFeatures.InvocationCountAnnotation"/>
  <system-out/>
  <testcase name="yogi" time="0.014" classname="TestNGFeatures.InvocationCountAnnotation"/>
  <system-out/>
  <testcase name="yogi" time="0.004" classname="TestNGFeatures.InvocationCountAnnotation"/>
  <system-out/>
  <testcase name="thangam" time="0.006" classname="TestNGFeatures.InvocationCountAnnotation"/>
  <system-out/>
</testsuite> <!-- TestNGFeatures.InvocationCountAnnotation -->
