<?xml version="1.0" encoding="UTF-8"?>
<!-- Generated by org.testng.reporters.JUnitReportReporter -->
<testsuite skipped="0" hostname="DESKTOP-D76T6KT" name="TestNGFeatures.SimpleAnnotation" tests="6" failures="0" timestamp="2023-01-22T12:49:08 IST" time="0.062" errors="0">
  <testcase name="method4" time="0.006" classname="TestNGFeatures.SimpleAnnotation"/>
  <system-out/>
  <testcase name="method6" time="0.006" classname="TestNGFeatures.SimpleAnnotation"/>
  <system-out/>
  <testcase name="method1" time="0.029" classname="TestNGFeatures.SimpleAnnotation"/>
  <system-out/>
  <testcase name="method7" time="0.006" classname="TestNGFeatures.SimpleAnnotation"/>
  <system-out/>
  <testcase name="method5" time="0.003" classname="TestNGFeatures.SimpleAnnotation"/>
  <system-out/>
  <testcase name="method2" time="0.012" classname="TestNGFeatures.SimpleAnnotation"/>
  <system-out/>
</testsuite> <!-- TestNGFeatures.SimpleAnnotation -->
