<?xml version="1.0" encoding="UTF-8"?>
<!-- Generated by org.testng.reporters.JUnitReportReporter -->
<testsuite skipped="0" hostname="DESKTOP-D76T6KT" name="TestNGFeatures.ParameterAnnotation" tests="1" failures="0" timestamp="2023-01-20T18:04:46 IST" time="0.013" errors="0">
  <testcase name="method5" time="0.013" classname="TestNGFeatures.ParameterAnnotation"/>
  <system-out/>
</testsuite> <!-- TestNGFeatures.ParameterAnnotation -->
