<?xml version="1.0" encoding="UTF-8"?>
<!-- Generated by org.testng.reporters.JUnitReportReporter -->
<testsuite skipped="0" hostname="DESKTOP-D76T6KT" name="TestNGFeatures.PriorityAnnotation" tests="4" failures="0" timestamp="2023-02-01T12:19:38 IST" time="0.029" errors="0">
  <testcase name="girl" time="0.015" classname="TestNGFeatures.PriorityAnnotation"/>
  <system-out/>
  <testcase name="yogi" time="0.005" classname="TestNGFeatures.PriorityAnnotation"/>
  <system-out/>
  <testcase name="hero" time="0.004" classname="TestNGFeatures.PriorityAnnotation"/>
  <system-out/>
  <testcase name="boy" time="0.005" classname="TestNGFeatures.PriorityAnnotation"/>
  <system-out/>
</testsuite> <!-- TestNGFeatures.PriorityAnnotation -->
