<?xml version="1.0" encoding="UTF-8"?>
<!-- Generated by org.testng.reporters.JUnitReportReporter -->
<testsuite skipped="0" hostname="DESKTOP-D76T6KT" name="DataProvider.RunnerClassDataProvider" tests="3" failures="0" timestamp="2023-01-20T20:32:14 IST" time="15.101" errors="0">
  <testcase name="yogi1" time="4.632" classname="DataProvider.RunnerClassDataProvider"/>
  <system-out/>
  <testcase name="yogi1" time="6.125" classname="DataProvider.RunnerClassDataProvider"/>
  <system-out/>
  <testcase name="yogi1" time="4.344" classname="DataProvider.RunnerClassDataProvider"/>
  <system-out/>
</testsuite> <!-- DataProvider.RunnerClassDataProvider -->
