<?xml version="1.0" encoding="UTF-8"?>
<!-- Generated by org.testng.reporters.JUnitReportReporter -->
<testsuite skipped="0" hostname="DESKTOP-D76T6KT" name="TestNGFeatures.StaleElementReferenceException" tests="1" failures="0" timestamp="2023-01-20T17:42:52 IST" time="7.060" errors="0">
  <testcase name="yogi" time="7.060" classname="TestNGFeatures.StaleElementReferenceException"/>
  <system-out/>
</testsuite> <!-- TestNGFeatures.StaleElementReferenceException -->
