<?xml version="1.0" encoding="UTF-8"?>
<!-- Generated by org.testng.reporters.JUnitReportReporter -->
<testsuite skipped="0" hostname="DESKTOP-D76T6KT" name="TestNGFeatures.IgnoreAnnotation" tests="2" failures="0" timestamp="2023-02-01T12:14:59 IST" time="0.022" errors="0">
  <testcase name="method3" time="0.003" classname="TestNGFeatures.IgnoreAnnotation"/>
  <system-out/>
  <testcase name="method2" time="0.019" classname="TestNGFeatures.IgnoreAnnotation"/>
  <system-out/>
</testsuite> <!-- TestNGFeatures.IgnoreAnnotation -->
