<?xml version="1.0" encoding="UTF-8"?>
<!-- Generated by org.testng.reporters.JUnitReportReporter -->
<testsuite skipped="0" hostname="DESKTOP-D76T6KT" name="TestNGFeatures.TimeOutAnnotation" tests="2" failures="0" timestamp="2023-02-01T17:28:05 IST" time="1.060" errors="0">
  <testcase name="yogesh" time="1.048" classname="TestNGFeatures.TimeOutAnnotation"/>
  <system-out/>
  <testcase name="yogi" time="0.012" classname="TestNGFeatures.TimeOutAnnotation"/>
  <system-out/>
</testsuite> <!-- TestNGFeatures.TimeOutAnnotation -->
