<?xml version="1.0" encoding="UTF-8"?>
<!-- Generated by org.testng.reporters.JUnitReportReporter -->
<testsuite skipped="0" hostname="DESKTOP-D76T6KT" name="TestNGFeatures.GroupingAnnotation" tests="2" failures="0" timestamp="2023-02-06T13:24:47 IST" time="0.075" errors="0">
  <testcase name="girl1" time="0.059" classname="TestNGFeatures.GroupingAnnotation"/>
  <system-out/>
  <testcase name="yogi" time="0.016" classname="TestNGFeatures.GroupingAnnotation"/>
  <system-out/>
</testsuite> <!-- TestNGFeatures.GroupingAnnotation -->
